# JRE version: Java(TM) SE Runtime Environment (8.0_25-b18) (build 1.8.0_25-b18)
# Java VM: Java HotSpot(TM) 64-Bit Server VM (25.25-b02 mixed mode windows-amd64 compressed oops)
Heap:
 PSYoungGen      total 323584K, used 104596K [0x00000000d5f00000, 0x00000000ee200000, 0x0000000100000000)
  eden space 300544K, 29% used [0x00000000d5f00000,0x00000000db462ab8,0x00000000e8480000)
  from space 23040K, 74% used [0x00000000e8480000,0x00000000e9542568,0x00000000e9b00000)
  to   space 24064K, 0% used [0x00000000eca80000,0x00000000eca80000,0x00000000ee200000)
 ParOldGen       total 150528K, used 43193K [0x0000000081c00000, 0x000000008af00000, 0x00000000d5f00000)
  object space 150528K, 28% used [0x0000000081c00000,0x000000008462e770,0x000000008af00000)
 Metaspace       used 69033K, capacity 72696K, committed 72792K, reserved 1112064K
  class space    used 9039K, capacity 9599K, committed 9600K, reserved 1048576K
GC Heap History (10 events):
Event: 15.028 GC heap before
{Heap before GC invocations=14 (full 2):
 PSYoungGen      total 216064K, used 216041K [0x00000000d5f00000, 0x00000000e7900000, 0x0000000100000000)
  eden space 198656K, 100% used [0x00000000d5f00000,0x00000000e2100000,0x00000000e2100000)
  from space 17408K, 99% used [0x00000000e2100000,0x00000000e31fa728,0x00000000e3200000)
  to   space 20992K, 0% used [0x00000000e6480000,0x00000000e6480000,0x00000000e7900000)
 ParOldGen       total 100352K, used 24279K [0x0000000081c00000, 0x0000000087e00000, 0x00000000d5f00000)
  object space 100352K, 24% used [0x0000000081c00000,0x00000000833b5fd0,0x0000000087e00000)
 Metaspace       used 54425K, capacity 56776K, committed 56920K, reserved 1099776K
  class space    used 7072K, capacity 7485K, committed 7552K, reserved 1048576K
Event: 15.059 GC heap after
Heap after GC invocations=14 (full 2):
 PSYoungGen      total 264192K, used 20967K [0x00000000d5f00000, 0x00000000e7f80000, 0x0000000100000000)
  eden space 243200K, 0% used [0x00000000d5f00000,0x00000000d5f00000,0x00000000e4c80000)
  from space 20992K, 99% used [0x00000000e6480000,0x00000000e78f9fe0,0x00000000e7900000)
  to   space 24576K, 0% used [0x00000000e4c80000,0x00000000e4c80000,0x00000000e6480000)
 ParOldGen       total 100352K, used 25071K [0x0000000081c00000, 0x0000000087e00000, 0x00000000d5f00000)
  object space 100352K, 24% used [0x0000000081c00000,0x000000008347bfb0,0x0000000087e00000)
 Metaspace       used 54425K, capacity 56776K, committed 56920K, reserved 1099776K
  class space    used 7072K, capacity 7485K, committed 7552K, reserved 1048576K
}
Event: 16.823 GC heap before
{Heap before GC invocations=15 (full 2):
 PSYoungGen      total 264192K, used 176248K [0x00000000d5f00000, 0x00000000e7f80000, 0x0000000100000000)
  eden space 243200K, 63% used [0x00000000d5f00000,0x00000000df6a41a0,0x00000000e4c80000)
  from space 20992K, 99% used [0x00000000e6480000,0x00000000e78f9fe0,0x00000000e7900000)
  to   space 24576K, 0% used [0x00000000e4c80000,0x00000000e4c80000,0x00000000e6480000)
 ParOldGen       total 100352K, used 25071K [0x0000000081c00000, 0x0000000087e00000, 0x00000000d5f00000)
  object space 100352K, 24% used [0x0000000081c00000,0x000000008347bfb0,0x0000000087e00000)
 Metaspace       used 56320K, capacity 58800K, committed 58968K, reserved 1099776K
  class space    used 7287K, capacity 7697K, committed 7808K, reserved 1048576K
Event: 16.877 GC heap after
Heap after GC invocations=15 (full 2):
 PSYoungGen      total 267776K, used 13220K [0x00000000d5f00000, 0x00000000ebf00000, 0x0000000100000000)
  eden space 243200K, 0% used [0x00000000d5f00000,0x00000000d5f00000,0x00000000e4c80000)
  from space 24576K, 53% used [0x00000000e4c80000,0x00000000e59691b0,0x00000000e6480000)
  to   space 24064K, 0% used [0x00000000ea780000,0x00000000ea780000,0x00000000ebf00000)
 ParOldGen       total 100352K, used 35450K [0x0000000081c00000, 0x0000000087e00000, 0x00000000d5f00000)
  object space 100352K, 35% used [0x0000000081c00000,0x0000000083e9e9b8,0x0000000087e00000)
 Metaspace       used 56320K, capacity 58800K, committed 58968K, reserved 1099776K
  class space    used 7287K, capacity 7697K, committed 7808K, reserved 1048576K
}
Event: 16.877 GC heap before
{Heap before GC invocations=16 (full 3):
 PSYoungGen      total 267776K, used 13220K [0x00000000d5f00000, 0x00000000ebf00000, 0x0000000100000000)
  eden space 243200K, 0% used [0x00000000d5f00000,0x00000000d5f00000,0x00000000e4c80000)
  from space 24576K, 53% used [0x00000000e4c80000,0x00000000e59691b0,0x00000000e6480000)
  to   space 24064K, 0% used [0x00000000ea780000,0x00000000ea780000,0x00000000ebf00000)
 ParOldGen       total 100352K, used 35450K [0x0000000081c00000, 0x0000000087e00000, 0x00000000d5f00000)
  object space 100352K, 35% used [0x0000000081c00000,0x0000000083e9e9b8,0x0000000087e00000)
 Metaspace       used 56320K, capacity 58800K, committed 58968K, reserved 1099776K
  class space    used 7287K, capacity 7697K, committed 7808K, reserved 1048576K
Event: 17.218 GC heap after
Heap after GC invocations=16 (full 3):
 PSYoungGen      total 267776K, used 0K [0x00000000d5f00000, 0x00000000ebf00000, 0x0000000100000000)
  eden space 243200K, 0% used [0x00000000d5f00000,0x00000000d5f00000,0x00000000e4c80000)
  from space 24576K, 0% used [0x00000000e4c80000,0x00000000e4c80000,0x00000000e6480000)
  to   space 24064K, 0% used [0x00000000ea780000,0x00000000ea780000,0x00000000ebf00000)
 ParOldGen       total 150528K, used 43177K [0x0000000081c00000, 0x000000008af00000, 0x00000000d5f00000)
  object space 150528K, 28% used [0x0000000081c00000,0x000000008462a770,0x000000008af00000)
 Metaspace       used 56320K, capacity 58800K, committed 58968K, reserved 1099776K
  class space    used 7287K, capacity 7697K, committed 7808K, reserved 1048576K
}
Event: 20.212 GC heap before
{Heap before GC invocations=17 (full 3):
 PSYoungGen      total 267776K, used 243200K [0x00000000d5f00000, 0x00000000ebf00000, 0x0000000100000000)
  eden space 243200K, 100% used [0x00000000d5f00000,0x00000000e4c80000,0x00000000e4c80000)
  from space 24576K, 0% used [0x00000000e4c80000,0x00000000e4c80000,0x00000000e6480000)
  to   space 24064K, 0% used [0x00000000ea780000,0x00000000ea780000,0x00000000ebf00000)
 ParOldGen       total 150528K, used 43177K [0x0000000081c00000, 0x000000008af00000, 0x00000000d5f00000)
  object space 150528K, 28% used [0x0000000081c00000,0x000000008462a770,0x000000008af00000)
 Metaspace       used 59581K, capacity 62306K, committed 62552K, reserved 1103872K
  class space    used 7773K, capacity 8240K, committed 8320K, reserved 1048576K
Event: 20.227 GC heap after
Heap after GC invocations=17 (full 3):
 PSYoungGen      total 305664K, used 9965K [0x00000000d5f00000, 0x00000000eb180000, 0x0000000100000000)
  eden space 295424K, 0% used [0x00000000d5f00000,0x00000000d5f00000,0x00000000e7f80000)
  from space 10240K, 97% used [0x00000000ea780000,0x00000000eb13b680,0x00000000eb180000)
  to   space 23040K, 0% used [0x00000000e8480000,0x00000000e8480000,0x00000000e9b00000)
 ParOldGen       total 150528K, used 43185K [0x0000000081c00000, 0x000000008af00000, 0x00000000d5f00000)
  object space 150528K, 28% used [0x0000000081c00000,0x000000008462c770,0x000000008af00000)
 Metaspace       used 59581K, capacity 62306K, committed 62552K, reserved 1103872K
  class space    used 7773K, capacity 8240K, committed 8320K, reserved 1048576K
}
Event: 386.837 GC heap before
{Heap before GC invocations=18 (full 3):
 PSYoungGen      total 305664K, used 305389K [0x00000000d5f00000, 0x00000000eb180000, 0x0000000100000000)
  eden space 295424K, 100% used [0x00000000d5f00000,0x00000000e7f80000,0x00000000e7f80000)
  from space 10240K, 97% used [0x00000000ea780000,0x00000000eb13b680,0x00000000eb180000)
  to   space 23040K, 0% used [0x00000000e8480000,0x00000000e8480000,0x00000000e9b00000)
 ParOldGen       total 150528K, used 43185K [0x0000000081c00000, 0x000000008af00000, 0x00000000d5f00000)
  object space 150528K, 28% used [0x0000000081c00000,0x000000008462c770,0x000000008af00000)
 Metaspace       used 67571K, capacity 70696K, committed 70744K, reserved 1110016K
  class space    used 8838K, capacity 9325K, committed 9344K, reserved 1048576K
Event: 386.867 GC heap after
Heap after GC invocations=18 (full 3):
 PSYoungGen      total 323584K, used 17161K [0x00000000d5f00000, 0x00000000ee200000, 0x0000000100000000)
  eden space 300544K, 0% used [0x00000000d5f00000,0x00000000d5f00000,0x00000000e8480000)
  from space 23040K, 74% used [0x00000000e8480000,0x00000000e9542568,0x00000000e9b00000)
  to   space 24064K, 0% used [0x00000000eca80000,0x00000000eca80000,0x00000000ee200000)
 ParOldGen       total 150528K, used 43193K [0x0000000081c00000, 0x000000008af00000, 0x00000000d5f00000)
  object space 150528K, 28% used [0x0000000081c00000,0x000000008462e770,0x000000008af00000)
 Metaspace       used 67571K, capacity 70696K, committed 70744K, reserved 1110016K
  class space    used 8838K, capacity 9325K, committed 9344K, reserved 1048576K
}

